<?xml version="1.0" encoding="UTF-8"?>
<!-- Generated by org.testng.reporters.JUnitXMLReporter -->
<testsuite hostname="DESKTOP-AI3GI36" ignored="0" name="Test" tests="5" failures="1" timestamp="2022-04-01T16:15:21 IST" time="0.154" errors="0">
  <testcase name="password" time="0.015" classname="com.Testing.Annotation.Demo_Runner2">
    <skipped/>
  </testcase> <!-- password -->
  <testcase name="password" time="0.0" classname="com.Testing.Annotation.Demo_Runner2">
    <skipped/>
  </testcase> <!-- password -->
  <testcase name="password" time="0.016" classname="com.Testing.Annotation.Demo_Runner2">
    <skipped/>
  </testcase> <!-- password -->
  <testcase name="password" time="0.0" classname="com.Testing.Annotation.Demo_Runner2">
    <failure type="java.lang.AssertionError" message="expected [maddy] but found [maddy777]">
      <![CDATA[java.lang.AssertionError: expected [maddy] but found [maddy777]
at com.Testing.Annotation.Demo_Runner2.password(Demo_Runner2.java:33)
at java.util.ArrayList.forEach(ArrayList.java:1259)
... Removed 33 stack frames]]>
    </failure>
  </testcase> <!-- password -->
  <testcase name="username" time="0.0" classname="com.Testing.Annotation.Demo_Runner2"/>
</testsuite> <!-- Test -->
